<?xml version="1.0" encoding="UTF-8"?>
<!-- Generated by org.testng.reporters.JUnitXMLReporter -->
<testsuite ignored="2" hostname="DESKTOP-07J22P1" failures="0" tests="3" name="Test" time="223.185" errors="0" timestamp="2024-03-19T20:11:06 IST">
  <testcase classname="OrganizationPackage.CreateOrganizationTests" name="toCraeteOrganizationTests" time="40.504"/>
  <testcase classname="ContactsPackage.CreateContactsWithOrganizationTests" name="toCreateContactsandOrganization" time="44.449"/>
  <testcase classname="OrganizationPackage.CreateOrganizationWith2DropDown" name="toCreateOrganizationWithDropDown" time="43.886"/>
  <testcase classname="genericUtility.BaseClass" name="@BeforeSuite beforeSuiteConfiguration" time="0.0">
    <ignored/>
  </testcase> <!-- @BeforeSuite beforeSuiteConfiguration -->
  <testcase classname="genericUtility.BaseClass" name="@BeforeSuite beforeSuiteConfiguration" time="0.0">
    <ignored/>
  </testcase> <!-- @BeforeSuite beforeSuiteConfiguration -->
</testsuite> <!-- Test -->
